# JRE version: Java(TM) SE Runtime Environment (8.0_151-b12) (build 1.8.0_151-b12)
# Java VM: Java HotSpot(TM) 64-Bit Server VM (25.151-b12 mixed mode windows-amd64 compressed oops)
Heap:
 PSYoungGen      total 17920K, used 7759K [0x00000000ec700000, 0x00000000eea00000, 0x0000000100000000)
  eden space 15360K, 34% used [0x00000000ec700000,0x00000000ecc1aca8,0x00000000ed600000)
  from space 2560K, 98% used [0x00000000ee780000,0x00000000ee9f9020,0x00000000eea00000)
  to   space 2560K, 0% used [0x00000000ed600000,0x00000000ed600000,0x00000000ed880000)
 ParOldGen       total 40960K, used 5938K [0x00000000c5400000, 0x00000000c7c00000, 0x00000000ec700000)
  object space 40960K, 14% used [0x00000000c5400000,0x00000000c59cc9f8,0x00000000c7c00000)
 Metaspace       used 17211K, capacity 17407K, committed 17536K, reserved 1064960K
  class space    used 2078K, capacity 2165K, committed 2176K, reserved 1048576K
GC Heap History (4 events):
Event: 0.764 GC heap before
{Heap before GC invocations=1 (full 0):
 PSYoungGen      total 17920K, used 15052K [0x00000000ec700000, 0x00000000edb00000, 0x0000000100000000)
  eden space 15360K, 97% used [0x00000000ec700000,0x00000000ed5b31d8,0x00000000ed600000)
  from space 2560K, 0% used [0x00000000ed880000,0x00000000ed880000,0x00000000edb00000)
  to   space 2560K, 0% used [0x00000000ed600000,0x00000000ed600000,0x00000000ed880000)
 ParOldGen       total 40960K, used 0K [0x00000000c5400000, 0x00000000c7c00000, 0x00000000ec700000)
  object space 40960K, 0% used [0x00000000c5400000,0x00000000c5400000,0x00000000c7c00000)
 Metaspace       used 10553K, capacity 10736K, committed 10880K, reserved 1058816K
  class space    used 1290K, capacity 1391K, committed 1408K, reserved 1048576K
Event: 0.773 GC heap after
Heap after GC invocations=1 (full 0):
 PSYoungGen      total 17920K, used 2545K [0x00000000ec700000, 0x00000000eea00000, 0x0000000100000000)
  eden space 15360K, 0% used [0x00000000ec700000,0x00000000ec700000,0x00000000ed600000)
  from space 2560K, 99% used [0x00000000ed600000,0x00000000ed87c428,0x00000000ed880000)
  to   space 2560K, 0% used [0x00000000ee780000,0x00000000ee780000,0x00000000eea00000)
 ParOldGen       total 40960K, used 1424K [0x00000000c5400000, 0x00000000c7c00000, 0x00000000ec700000)
  object space 40960K, 3% used [0x00000000c5400000,0x00000000c55640c0,0x00000000c7c00000)
 Metaspace       used 10553K, capacity 10736K, committed 10880K, reserved 1058816K
  class space    used 1290K, capacity 1391K, committed 1408K, reserved 1048576K
}
Event: 2.958 GC heap before
{Heap before GC invocations=2 (full 0):
 PSYoungGen      total 17920K, used 17905K [0x00000000ec700000, 0x00000000eea00000, 0x0000000100000000)
  eden space 15360K, 100% used [0x00000000ec700000,0x00000000ed600000,0x00000000ed600000)
  from space 2560K, 99% used [0x00000000ed600000,0x00000000ed87c428,0x00000000ed880000)
  to   space 2560K, 0% used [0x00000000ee780000,0x00000000ee780000,0x00000000eea00000)
 ParOldGen       total 40960K, used 1424K [0x00000000c5400000, 0x00000000c7c00000, 0x00000000ec700000)
  object space 40960K, 3% used [0x00000000c5400000,0x00000000c55640c0,0x00000000c7c00000)
 Metaspace       used 16228K, capacity 16415K, committed 16768K, reserved 1064960K
  class space    used 1998K, capacity 2069K, committed 2176K, reserved 1048576K
Event: 2.968 GC heap after
Heap after GC invocations=2 (full 0):
 PSYoungGen      total 17920K, used 2532K [0x00000000ec700000, 0x00000000eea00000, 0x0000000100000000)
  eden space 15360K, 0% used [0x00000000ec700000,0x00000000ec700000,0x00000000ed600000)
  from space 2560K, 98% used [0x00000000ee780000,0x00000000ee9f9020,0x00000000eea00000)
  to   space 2560K, 0% used [0x00000000ed600000,0x00000000ed600000,0x00000000ed880000)
 ParOldGen       total 40960K, used 5938K [0x00000000c5400000, 0x00000000c7c00000, 0x00000000ec700000)
  object space 40960K, 14% used [0x00000000c5400000,0x00000000c59cc9f8,0x00000000c7c00000)
 Metaspace       used 16228K, capacity 16415K, committed 16768K, reserved 1064960K
  class space    used 1998K, capacity 2069K, committed 2176K, reserved 1048576K
}

